2022-05-16T02:53:43.752Z - normal: Load ~/.CocosCreator/settings.json
2022-05-16T02:53:43.787Z - normal: Initializing Asset Database
2022-05-16T02:53:43.789Z - normal: checking language setting...
2022-05-16T02:53:43.789Z - normal: Language: en
2022-05-16T02:53:44.188Z - success: preview server running at http://localhost:7456
2022-05-16T02:53:44.201Z - success: protocol editor-framework registered
2022-05-16T02:53:44.201Z - success: protocol app registered
2022-05-16T02:53:44.201Z - success: protocol theme registered
2022-05-16T02:53:44.201Z - success: protocol packages registered
2022-05-16T02:53:44.202Z - success: protocol uuid registerred
2022-05-16T02:53:44.202Z - success: protocol db registerred
2022-05-16T02:53:44.202Z - success: protocol thumbnail registerred
2022-05-16T02:53:44.202Z - success: protocol unpack registerred
2022-05-16T02:53:44.202Z - success: protocol disable-commonjs registerred
2022-05-16T02:53:45.013Z - normal: connected!
2022-05-16T02:53:45.014Z - normal: Check project /Users/fresher-haihung/Desktop/Cocos/spine-boy
2022-05-16T02:53:45.016Z - normal: Initializing project /Users/fresher-haihung/Desktop/Cocos/spine-boy
2022-05-16T02:53:45.248Z - normal: Initializing Cocos2d
2022-05-16T02:53:45.606Z - normal: Initializing engine extends
2022-05-16T02:53:45.620Z - success: alipay-adapter loaded
2022-05-16T02:53:45.625Z - success: asset-db-debugger loaded
2022-05-16T02:53:45.629Z - success: baidu-adapter loaded
2022-05-16T02:53:45.654Z - success: color-picker loaded
2022-05-16T02:53:45.744Z - success: fb-audience-network loaded
2022-05-16T02:53:45.784Z - success: fb-live-stream loaded
2022-05-16T02:53:45.786Z - success: google-play-instant loaded
2022-05-16T02:53:45.789Z - success: huawei-runtime loaded
2022-05-16T02:53:45.914Z - success: cpk-publish loaded
2022-05-16T02:53:45.915Z - success: jsb-adapter loaded
2022-05-16T02:53:45.918Z - success: oppo-runtime loaded
2022-05-16T02:53:45.921Z - success: package-manager loaded
2022-05-16T02:53:45.986Z - success: qqplay-adapter loaded
2022-05-16T02:53:45.987Z - success: runtime-dev-tools loaded
2022-05-16T02:53:45.990Z - success: sdkbox loaded
2022-05-16T02:53:45.993Z - success: tester loaded
2022-05-16T02:53:45.995Z - success: ui-kit-preview-extra loaded
2022-05-16T02:53:45.997Z - success: ui-kit-preview loaded
2022-05-16T02:53:45.999Z - success: ui-kit loaded
2022-05-16T02:53:46.002Z - success: vivo-runtime loaded
2022-05-16T02:53:46.002Z - success: weapp-adapter loaded
2022-05-16T02:53:46.003Z - success: xiaomi-adapter loaded
2022-05-16T02:53:46.004Z - success: alipay-minigame loaded
2022-05-16T02:53:46.032Z - success: assets loaded
2022-05-16T02:53:46.034Z - success: builder loaded
2022-05-16T02:53:46.188Z - success: cocos-services loaded
2022-05-16T02:53:46.202Z - success: console loaded
2022-05-16T02:53:46.226Z - success: fb-instant-games loaded
2022-05-16T02:53:46.228Z - success: game-window loaded
2022-05-16T02:53:46.229Z - success: google-instant-games loaded
2022-05-16T02:53:46.233Z - success: hierarchy loaded
2022-05-16T02:53:46.235Z - success: inspector loaded
2022-05-16T02:53:46.236Z - success: keystore loaded
2022-05-16T02:53:46.239Z - success: node-library loaded
2022-05-16T02:53:46.240Z - success: package-asset loaded
2022-05-16T02:53:46.241Z - success: preferences loaded
2022-05-16T02:53:46.242Z - success: project-exporter loaded
2022-05-16T02:53:46.245Z - success: project-importer loaded
2022-05-16T02:53:46.248Z - success: project-settings loaded
2022-05-16T02:53:46.251Z - success: scene loaded
2022-05-16T02:53:46.252Z - success: simulator-debugger loaded
2022-05-16T02:53:46.253Z - success: sprite-editor loaded
2022-05-16T02:53:46.255Z - success: store loaded
2022-05-16T02:53:46.259Z - success: timeline loaded
2022-05-16T02:53:46.261Z - success: xiaomi-runtime loaded
2022-05-16T02:53:48.332Z - info: Cocos Services load base data!
2022-05-16T02:53:49.492Z - normal: Loading packages
2022-05-16T02:53:49.495Z - normal: Watching packages
2022-05-16T02:53:49.566Z - normal: Run Application
2022-05-16T03:45:12.961Z - error: Can't init canvas 'New Canvas' because it conflicts with the existing 'Canvas', the scene should only have one active canvas at the same time
    at Object.cc.errorID (/Applications/CocosCreator.app/Contents/Resources/engine/bin/.cache/dev/cocos2d/core/CCDebug.js:167:16)
    at cc_Canvas.__preload (/Applications/CocosCreator.app/Contents/Resources/engine/bin/.cache/dev/cocos2d/core/components/CCCanvas.js:82:31)
    at eval (eval at createInvokeImpl (/Applications/CocosCreator.app/Contents/Resources/engine/bin/.cache/dev/cocos2d/core/component-scheduler.js:1:1), <anonymous>:3:65)
    at CCClass._invoke (/Applications/CocosCreator.app/Contents/Resources/engine/bin/.cache/dev/cocos2d/core/component-scheduler.js:165:21)
    at CCClass.invoke (/Applications/CocosCreator.app/Contents/Resources/engine/bin/.cache/dev/cocos2d/core/node-activator.js:50:22)
    at CCClass.activateNode (/Applications/CocosCreator.app/Contents/Resources/engine/bin/.cache/dev/cocos2d/core/node-activator.js:184:34)
    at cc_Node._onHierarchyChanged (/Applications/CocosCreator.app/Contents/Resources/engine/bin/.cache/dev/cocos2d/core/utils/base-node.js:623:48)
    at cc_Node._onHierarchyChanged (/Applications/CocosCreator.app/Contents/Resources/engine/bin/.cache/dev/cocos2d/core/CCNode.js:726:22)
    at cc_Node.setParent (/Applications/CocosCreator.app/Contents/Resources/engine/bin/.cache/dev/cocos2d/core/utils/base-node.js:219:26)
